<?xml version="1.0" encoding="UTF-8" ?>
<testsuites disabled="0" errors="0" failures="0" tests="1" time="4.234">
 <testsuite name="workspace-project App" timestamp="2020-04-06T12:29:02" hostname="localhost" time="4.234" errors="0" tests="1" skipped="0" disabled="0" failures="0">
  <testcase classname="workspace-project App" name="should display welcome message" time="4.23" />
 </testsuite>
</testsuites>